{"/Users/lilya/ajs-new/src/data.js": {"path":"/Users/lilya/ajs-new/src/data.js","statementMap":{"0":{"start":{"line":3,"column":17},"end":{"line":3,"column":58}},"1":{"start":{"line":3,"column":38},"end":{"line":3,"column":57}},"2":{"start":{"line":4,"column":2},"end":{"line":4,"column":16}}},"fnMap":{"0":{"name":"dataTotal","decl":{"start":{"line":2,"column":16},"end":{"line":2,"column":25}},"loc":{"start":{"line":2,"column":33},"end":{"line":5,"column":1}},"line":2},"1":{"name":"(anonymous_1)","decl":{"start":{"line":3,"column":28},"end":{"line":3,"column":29}},"loc":{"start":{"line":3,"column":38},"end":{"line":3,"column":57}},"line":3}},"branchMap":{},"s":{"0":2,"1":4,"2":2},"f":{"0":2,"1":4},"b":{},"_coverageSchema":"1a1c01bbd47fc00a2c39e90264f33305004495a9","hash":"fadceb611bed82fc735eb0ca8f6b7d3108b1b260"}
}
